<?xml version="1.0" encoding="UTF-8"?>
<testsuite xmlns:xsi="http://www.w3.org/2001/XMLSchema-instance" xsi:noNamespaceSchemaLocation="https://maven.apache.org/surefire/maven-surefire-plugin/xsd/surefire-test-report.xsd" name="com.baeldung.avltree.AVLTreeTest" time="0.027" tests="10" errors="0" skipped="0" failures="0">
  <properties>
[...]
</properties>
  <testcase name="givenSampleTree_whenInsertLeftCalled_treeShouldBeAvl" classname="com.baeldung.avltree.AVLTreeTest" time="0.002"/>
  <testcase name="givenEmptyTree_whenInsertCalled_treeShouldBeAvl" classname="com.baeldung.avltree.AVLTreeTest" time="0"/>
  <testcase name="givenEmptyTree_whenInsertCalled_heightShouldBeZero" classname="com.baeldung.avltree.AVLTreeTest" time="0"/>
  <testcase name="givenSampleTree_whenFindExistingKeyCalled_shouldReturnMatchedNode" classname="com.baeldung.avltree.AVLTreeTest" time="0"/>
  <testcase name="givenSampleTree_whenDeleteLeftCalled_treeShouldBeAvl" classname="com.baeldung.avltree.AVLTreeTest" time="0"/>
  <testcase name="givenSampleTree_whenFindNotExistingKeyCalled_shouldReturnNull" classname="com.baeldung.avltree.AVLTreeTest" time="0"/>
  <testcase name="givenEmptyTree_whenHeightCalled_shouldReturnMinus1" classname="com.baeldung.avltree.AVLTreeTest" time="0.001"/>
  <testcase name="givenSampleTree_whenDeleteCalled_treeShouldBeAvl" classname="com.baeldung.avltree.AVLTreeTest" time="0.003"/>
  <testcase name="givenEmptyTree_whenDeleteCalled_treeShouldBeAvl" classname="com.baeldung.avltree.AVLTreeTest" time="0"/>
  <testcase name="givenSampleTree_whenInsertCalled_treeShouldBeAvl" classname="com.baeldung.avltree.AVLTreeTest" time="0"/>
</testsuite>